TN:
SF:src/prct10/carta.ts
FN:58,<instance_members_initializer>
FN:70,Carta
FN:161,getID
FN:169,getNombre
FN:177,getTipos
FN:185,getCoste
FN:193,getColores
FN:201,getRareza
FN:209,getTexto
FN:217,getFyR
FN:230,getLealtad
FN:243,getValorMercado
FN:250,darColor
FN:276,mostrarCarta
FNF:14
FNH:13
FNDA:32,<instance_members_initializer>
FNDA:32,Carta
FNDA:60,getID
FNDA:18,getNombre
FNDA:7,getTipos
FNDA:6,getCoste
FNDA:7,getColores
FNDA:7,getRareza
FNDA:6,getTexto
FNDA:1,getFyR
FNDA:0,getLealtad
FNDA:7,getValorMercado
FNDA:12,darColor
FNDA:6,mostrarCarta
DA:1,1
DA:2,1
DA:3,1
DA:4,1
DA:5,1
DA:6,1
DA:7,1
DA:8,1
DA:9,1
DA:10,1
DA:11,1
DA:12,1
DA:13,1
DA:14,1
DA:15,1
DA:16,1
DA:17,1
DA:18,1
DA:19,1
DA:20,1
DA:21,1
DA:22,1
DA:23,1
DA:24,1
DA:25,1
DA:26,1
DA:27,1
DA:28,1
DA:29,1
DA:30,1
DA:31,1
DA:32,1
DA:33,1
DA:34,1
DA:35,1
DA:36,1
DA:37,1
DA:38,1
DA:39,1
DA:40,1
DA:41,1
DA:42,1
DA:43,1
DA:44,1
DA:45,1
DA:46,1
DA:47,1
DA:48,1
DA:49,1
DA:50,1
DA:51,1
DA:52,1
DA:53,1
DA:54,1
DA:55,1
DA:56,1
DA:57,1
DA:58,1
DA:59,32
DA:60,32
DA:61,32
DA:62,32
DA:63,32
DA:64,32
DA:65,32
DA:66,32
DA:67,32
DA:68,32
DA:69,32
DA:70,32
DA:71,32
DA:72,32
DA:73,32
DA:74,32
DA:75,32
DA:76,32
DA:77,32
DA:78,32
DA:79,32
DA:80,32
DA:81,32
DA:82,32
DA:83,32
DA:84,32
DA:85,32
DA:86,32
DA:87,32
DA:88,32
DA:89,1
DA:90,1
DA:91,1
DA:92,1
DA:93,1
DA:94,32
DA:95,32
DA:96,1
DA:97,1
DA:98,1
DA:99,1
DA:100,1
DA:101,1
DA:102,1
DA:103,32
DA:104,32
DA:105,16
DA:106,16
DA:107,16
DA:108,16
DA:109,16
DA:110,16
DA:111,16
DA:112,32
DA:113,32
DA:114,2
DA:115,2
DA:116,2
DA:117,2
DA:118,2
DA:119,2
DA:120,2
DA:121,2
DA:122,32
DA:123,32
DA:124,5
DA:125,5
DA:126,5
DA:127,5
DA:128,5
DA:129,5
DA:130,32
DA:131,32
DA:132,32
DA:133,3
DA:134,3
DA:135,3
DA:136,3
DA:137,3
DA:138,3
DA:139,3
DA:140,32
DA:141,32
DA:142,3
DA:143,3
DA:144,3
DA:145,3
DA:146,3
DA:147,3
DA:148,3
DA:149,3
DA:150,32
DA:151,32
DA:152,1
DA:153,1
DA:154,32
DA:155,32
DA:156,32
DA:157,32
DA:158,32
DA:159,32
DA:160,32
DA:161,32
DA:162,60
DA:163,60
DA:164,32
DA:165,32
DA:166,32
DA:167,32
DA:168,32
DA:169,32
DA:170,18
DA:171,18
DA:172,32
DA:173,32
DA:174,32
DA:175,32
DA:176,32
DA:177,32
DA:178,7
DA:179,7
DA:180,32
DA:181,32
DA:182,32
DA:183,32
DA:184,32
DA:185,32
DA:186,6
DA:187,6
DA:188,32
DA:189,32
DA:190,32
DA:191,32
DA:192,32
DA:193,32
DA:194,7
DA:195,7
DA:196,32
DA:197,32
DA:198,32
DA:199,32
DA:200,32
DA:201,32
DA:202,7
DA:203,7
DA:204,32
DA:205,32
DA:206,32
DA:207,32
DA:208,32
DA:209,32
DA:210,6
DA:211,6
DA:212,32
DA:213,32
DA:214,32
DA:215,32
DA:216,32
DA:217,32
DA:218,1
DA:219,1
DA:220,1
DA:221,0
DA:222,0
DA:223,0
DA:224,1
DA:225,32
DA:226,32
DA:227,32
DA:228,32
DA:229,32
DA:230,32
DA:231,0
DA:232,0
DA:233,0
DA:234,0
DA:235,0
DA:236,0
DA:237,0
DA:238,32
DA:239,32
DA:240,32
DA:241,32
DA:242,32
DA:243,32
DA:244,7
DA:245,7
DA:246,32
DA:247,32
DA:248,32
DA:249,32
DA:250,32
DA:251,12
DA:252,10
DA:253,10
DA:254,0
DA:255,0
DA:256,10
DA:257,0
DA:258,0
DA:259,10
DA:260,0
DA:261,0
DA:262,10
DA:263,4
DA:264,4
DA:265,10
DA:266,4
DA:267,4
DA:268,10
DA:269,12
DA:270,12
DA:271,32
DA:272,32
DA:273,32
DA:274,32
DA:275,32
DA:276,32
DA:277,6
DA:278,6
DA:279,6
DA:280,6
DA:281,0
DA:282,0
DA:283,0
DA:284,0
DA:285,0
DA:286,0
DA:287,0
DA:288,6
DA:289,6
DA:290,0
DA:291,0
DA:292,0
DA:293,0
DA:294,0
DA:295,0
DA:296,0
DA:297,0
DA:298,0
DA:299,6
DA:300,6
DA:301,3
DA:302,3
DA:303,3
DA:304,3
DA:305,3
DA:306,3
DA:307,3
DA:308,3
DA:309,3
DA:310,6
DA:311,6
DA:312,1
DA:313,1
DA:314,1
DA:315,1
DA:316,1
DA:317,1
DA:318,1
DA:319,1
DA:320,1
DA:321,1
DA:322,1
DA:323,6
DA:324,6
DA:325,2
DA:326,2
DA:327,2
DA:328,2
DA:329,2
DA:330,2
DA:331,2
DA:332,2
DA:333,2
DA:334,6
DA:335,6
DA:336,0
DA:337,0
DA:338,0
DA:339,0
DA:340,0
DA:341,0
DA:342,0
DA:343,0
DA:344,0
DA:345,6
DA:346,6
DA:347,0
DA:348,0
DA:349,0
DA:350,0
DA:351,0
DA:352,0
DA:353,0
DA:354,0
DA:355,0
DA:356,0
DA:357,6
DA:358,6
DA:359,6
DA:360,6
DA:361,32
LF:361
LH:310
BRDA:23,0,0,1
BRDA:36,1,0,1
BRDA:58,2,0,32
BRDA:70,3,0,32
BRDA:88,4,0,1
BRDA:95,5,0,1
BRDA:104,6,0,16
BRDA:113,7,0,2
BRDA:123,8,0,5
BRDA:132,9,0,3
BRDA:141,10,0,3
BRDA:151,11,0,1
BRDA:161,12,0,60
BRDA:169,13,0,18
BRDA:177,14,0,7
BRDA:185,15,0,6
BRDA:193,16,0,7
BRDA:201,17,0,7
BRDA:209,18,0,6
BRDA:217,19,0,1
BRDA:220,20,0,0
BRDA:243,21,0,7
BRDA:250,22,0,12
BRDA:251,23,0,10
BRDA:253,24,0,0
BRDA:256,25,0,0
BRDA:259,26,0,0
BRDA:262,27,0,4
BRDA:265,28,0,4
BRDA:269,29,0,2
BRDA:276,30,0,6
BRDA:280,31,0,0
BRDA:289,32,0,0
BRDA:300,33,0,3
BRDA:311,34,0,1
BRDA:324,35,0,2
BRDA:335,36,0,0
BRDA:346,37,0,0
BRF:38
BRH:30
end_of_record
TN:
SF:src/prct10/coleccion.ts
FN:7,<instance_members_initializer>
FN:11,Coleccion
FN:19,getCarta
FN:27,setCarta
FN:40,modCarta
FN:53,quitarCarta
FN:60,forEach
FNF:7
FNH:7
FNDA:20,<instance_members_initializer>
FNDA:20,Coleccion
FNDA:4,getCarta
FNDA:19,setCarta
FNDA:5,modCarta
FNDA:5,quitarCarta
FNDA:3,forEach
DA:1,1
DA:2,1
DA:3,1
DA:4,1
DA:5,1
DA:6,1
DA:7,1
DA:8,20
DA:9,20
DA:10,20
DA:11,20
DA:12,20
DA:13,20
DA:14,20
DA:15,20
DA:16,20
DA:17,20
DA:18,20
DA:19,20
DA:20,4
DA:21,4
DA:22,20
DA:23,20
DA:24,20
DA:25,20
DA:26,20
DA:27,20
DA:28,19
DA:29,2
DA:30,19
DA:31,17
DA:32,17
DA:33,17
DA:34,19
DA:35,20
DA:36,20
DA:37,20
DA:38,20
DA:39,20
DA:40,20
DA:41,5
DA:42,3
DA:43,3
DA:44,5
DA:45,2
DA:46,2
DA:47,5
DA:48,20
DA:49,20
DA:50,20
DA:51,20
DA:52,20
DA:53,20
DA:54,5
DA:55,5
DA:56,20
DA:57,20
DA:58,20
DA:59,20
DA:60,20
DA:61,3
DA:62,5
DA:63,3
DA:64,3
DA:65,20
DA:66,20
LF:66
LH:66
BRDA:7,0,0,20
BRDA:11,1,0,20
BRDA:19,2,0,4
BRDA:27,3,0,19
BRDA:28,4,0,2
BRDA:30,5,0,17
BRDA:40,6,0,5
BRDA:41,7,0,3
BRDA:44,8,0,2
BRDA:53,9,0,5
BRDA:60,10,0,3
BRDA:61,11,0,5
BRF:12
BRH:12
end_of_record
TN:
SF:src/prct10/coleccionista.ts
FN:12,<instance_members_initializer>
FN:16,Coleccionista
FN:26,getUsuarioNombre
FN:34,setCarta
FN:48,modCarta
FN:62,quitarCarta
FN:76,showCarta
FN:91,showColeccion
FNF:8
FNH:8
FNDA:13,<instance_members_initializer>
FNDA:13,Coleccionista
FNDA:4,getUsuarioNombre
FNDA:8,setCarta
FNDA:3,modCarta
FNDA:3,quitarCarta
FNDA:3,showCarta
FNDA:2,showColeccion
DA:1,1
DA:2,1
DA:3,1
DA:4,1
DA:5,1
DA:6,1
DA:7,1
DA:8,1
DA:9,1
DA:10,1
DA:11,1
DA:12,1
DA:13,13
DA:14,13
DA:15,13
DA:16,13
DA:17,13
DA:18,13
DA:19,13
DA:20,13
DA:21,13
DA:22,13
DA:23,13
DA:24,13
DA:25,13
DA:26,13
DA:27,4
DA:28,4
DA:29,13
DA:30,13
DA:31,13
DA:32,13
DA:33,13
DA:34,13
DA:35,8
DA:36,8
DA:37,7
DA:38,8
DA:39,1
DA:40,1
DA:41,8
DA:42,8
DA:43,13
DA:44,13
DA:45,13
DA:46,13
DA:47,13
DA:48,13
DA:49,3
DA:50,3
DA:51,2
DA:52,3
DA:53,1
DA:54,1
DA:55,3
DA:56,3
DA:57,13
DA:58,13
DA:59,13
DA:60,13
DA:61,13
DA:62,13
DA:63,3
DA:64,3
DA:65,2
DA:66,3
DA:67,1
DA:68,1
DA:69,3
DA:70,3
DA:71,13
DA:72,13
DA:73,13
DA:74,13
DA:75,13
DA:76,13
DA:77,3
DA:78,3
DA:79,2
DA:80,3
DA:81,1
DA:82,1
DA:83,1
DA:84,2
DA:85,2
DA:86,13
DA:87,13
DA:88,13
DA:89,13
DA:90,13
DA:91,13
DA:92,2
DA:93,2
DA:94,3
DA:95,3
DA:96,2
DA:97,2
DA:98,2
DA:99,13
LF:99
LH:99
BRDA:12,0,0,13
BRDA:16,1,0,13
BRDA:26,2,0,4
BRDA:34,3,0,8
BRDA:36,4,0,7
BRDA:38,5,0,1
BRDA:48,6,0,3
BRDA:50,7,0,2
BRDA:52,8,0,1
BRDA:62,9,0,3
BRDA:64,10,0,2
BRDA:66,11,0,1
BRDA:76,12,0,3
BRDA:78,13,0,2
BRDA:80,14,0,1
BRDA:84,15,0,2
BRDA:91,16,0,2
BRDA:93,17,0,3
BRF:18
BRH:18
end_of_record
TN:
SF:src/prct10/coleccionistaJSON.ts
FN:11,ColeccionistaJSON
FN:43,setCarta
FN:62,quitarCarta
FN:82,modCarta
FN:96,showCarta
FN:105,showColeccion
FNF:6
FNH:6
FNDA:6,ColeccionistaJSON
FNDA:1,setCarta
FNDA:1,quitarCarta
FNDA:1,modCarta
FNDA:1,showCarta
FNDA:1,showColeccion
DA:1,1
DA:2,1
DA:3,1
DA:4,1
DA:5,1
DA:6,1
DA:7,1
DA:8,1
DA:9,1
DA:10,1
DA:11,1
DA:12,6
DA:13,6
DA:14,0
DA:15,0
DA:16,0
DA:17,6
DA:18,6
DA:19,4
DA:20,4
DA:21,4
DA:22,4
DA:23,4
DA:24,4
DA:25,4
DA:26,4
DA:27,4
DA:28,4
DA:29,4
DA:30,4
DA:31,4
DA:32,4
DA:33,4
DA:34,6
DA:35,6
DA:36,1
DA:37,1
DA:38,1
DA:39,1
DA:40,1
DA:41,1
DA:42,1
DA:43,1
DA:44,1
DA:45,1
DA:46,1
DA:47,1
DA:48,1
DA:49,0
DA:50,0
DA:51,1
DA:52,1
DA:53,1
DA:54,1
DA:55,1
DA:56,1
DA:57,1
DA:58,1
DA:59,1
DA:60,1
DA:61,1
DA:62,1
DA:63,1
DA:64,1
DA:65,1
DA:66,1
DA:67,1
DA:68,1
DA:69,0
DA:70,0
DA:71,1
DA:72,1
DA:73,1
DA:74,1
DA:75,1
DA:76,1
DA:77,1
DA:78,1
DA:79,1
DA:80,1
DA:81,1
DA:82,1
DA:83,1
DA:84,1
DA:85,1
DA:86,1
DA:87,1
DA:88,1
DA:89,1
DA:90,1
DA:91,1
DA:92,1
DA:93,1
DA:94,1
DA:95,1
DA:96,1
DA:97,1
DA:98,1
DA:99,1
DA:100,1
DA:101,1
DA:102,1
DA:103,1
DA:104,1
DA:105,1
DA:106,1
DA:107,1
DA:108,1
DA:109,1
LF:109
LH:102
BRDA:11,0,0,6
BRDA:13,1,0,0
BRDA:18,2,0,4
BRDA:43,3,0,1
BRDA:47,4,0,1
BRDA:48,5,0,0
BRDA:62,6,0,1
BRDA:67,7,0,1
BRDA:68,8,0,0
BRDA:82,9,0,1
BRDA:96,10,0,1
BRDA:105,11,0,1
BRF:12
BRH:9
end_of_record
